# JRE version: OpenJDK Runtime Environment (8.0_152-b01) (build 1.8.0_152-release-915-b01)
# Java VM: OpenJDK 64-Bit Server VM (25.152-b01 mixed mode windows-amd64 compressed oops)
Heap:
 PSYoungGen      total 456704K, used 201278K [0x00000000e0000000, 0x0000000100000000, 0x0000000100000000)
  eden space 389632K, 47% used [0x00000000e0000000,0x00000000eb555af0,0x00000000f7c80000)
  from space 67072K, 23% used [0x00000000fba00000,0x00000000fc939dd8,0x00000000ffb80000)
  to   space 62976K, 0% used [0x00000000f7c80000,0x00000000f7c80000,0x00000000fba00000)
 ParOldGen       total 272384K, used 126340K [0x00000000a0000000, 0x00000000b0a00000, 0x00000000e0000000)
  object space 272384K, 46% used [0x00000000a0000000,0x00000000a7b61388,0x00000000b0a00000)
 Metaspace       used 82358K, capacity 85966K, committed 86232K, reserved 1124352K
  class space    used 10435K, capacity 11166K, committed 11264K, reserved 1048576K
GC Heap History (10 events):
Event: 87.209 GC heap before
{Heap before GC invocations=24 (full 3):
 PSYoungGen      total 350720K, used 350690K [0x00000000e0000000, 0x00000000fa280000, 0x0000000100000000)
  eden space 325120K, 100% used [0x00000000e0000000,0x00000000f3d80000,0x00000000f3d80000)
  from space 25600K, 99% used [0x00000000f6780000,0x00000000f8078a48,0x00000000f8080000)
  to   space 43008K, 0% used [0x00000000f3d80000,0x00000000f3d80000,0x00000000f6780000)
 ParOldGen       total 137216K, used 94637K [0x00000000a0000000, 0x00000000a8600000, 0x00000000e0000000)
  object space 137216K, 68% used [0x00000000a0000000,0x00000000a5c6b6b0,0x00000000a8600000)
 Metaspace       used 70443K, capacity 73742K, committed 74072K, reserved 1114112K
  class space    used 9281K, capacity 9988K, committed 10112K, reserved 1048576K
Event: 87.397 GC heap after
Heap after GC invocations=24 (full 3):
 PSYoungGen      total 368128K, used 42986K [0x00000000e0000000, 0x0000000100000000, 0x0000000100000000)
  eden space 325120K, 0% used [0x00000000e0000000,0x00000000e0000000,0x00000000f3d80000)
  from space 43008K, 99% used [0x00000000f3d80000,0x00000000f677aac0,0x00000000f6780000)
  to   space 70656K, 0% used [0x00000000fbb00000,0x00000000fbb00000,0x0000000100000000)
 ParOldGen       total 149504K, used 149431K [0x00000000a0000000, 0x00000000a9200000, 0x00000000e0000000)
  object space 149504K, 99% used [0x00000000a0000000,0x00000000a91edc28,0x00000000a9200000)
 Metaspace       used 70443K, capacity 73742K, committed 74072K, reserved 1114112K
  class space    used 9281K, capacity 9988K, committed 10112K, reserved 1048576K
}
Event: 87.397 GC heap before
{Heap before GC invocations=25 (full 4):
 PSYoungGen      total 368128K, used 42986K [0x00000000e0000000, 0x0000000100000000, 0x0000000100000000)
  eden space 325120K, 0% used [0x00000000e0000000,0x00000000e0000000,0x00000000f3d80000)
  from space 43008K, 99% used [0x00000000f3d80000,0x00000000f677aac0,0x00000000f6780000)
  to   space 70656K, 0% used [0x00000000fbb00000,0x00000000fbb00000,0x0000000100000000)
 ParOldGen       total 149504K, used 149431K [0x00000000a0000000, 0x00000000a9200000, 0x00000000e0000000)
  object space 149504K, 99% used [0x00000000a0000000,0x00000000a91edc28,0x00000000a9200000)
 Metaspace       used 70443K, capacity 73742K, committed 74072K, reserved 1114112K
  class space    used 9281K, capacity 9988K, committed 10112K, reserved 1048576K
Event: 88.326 GC heap after
Heap after GC invocations=25 (full 4):
 PSYoungGen      total 368128K, used 0K [0x00000000e0000000, 0x0000000100000000, 0x0000000100000000)
  eden space 325120K, 0% used [0x00000000e0000000,0x00000000e0000000,0x00000000f3d80000)
  from space 43008K, 0% used [0x00000000f3d80000,0x00000000f3d80000,0x00000000f6780000)
  to   space 70656K, 0% used [0x00000000fbb00000,0x00000000fbb00000,0x0000000100000000)
 ParOldGen       total 272384K, used 124694K [0x00000000a0000000, 0x00000000b0a00000, 0x00000000e0000000)
  object space 272384K, 45% used [0x00000000a0000000,0x00000000a79c5b60,0x00000000b0a00000)
 Metaspace       used 70239K, capacity 73198K, committed 74072K, reserved 1114112K
  class space    used 9212K, capacity 9868K, committed 10112K, reserved 1048576K
}
Event: 93.887 GC heap before
{Heap before GC invocations=26 (full 4):
 PSYoungGen      total 368128K, used 324811K [0x00000000e0000000, 0x0000000100000000, 0x0000000100000000)
  eden space 325120K, 99% used [0x00000000e0000000,0x00000000f3d32e50,0x00000000f3d80000)
  from space 43008K, 0% used [0x00000000f3d80000,0x00000000f3d80000,0x00000000f6780000)
  to   space 70656K, 0% used [0x00000000fbb00000,0x00000000fbb00000,0x0000000100000000)
 ParOldGen       total 272384K, used 124694K [0x00000000a0000000, 0x00000000b0a00000, 0x00000000e0000000)
  object space 272384K, 45% used [0x00000000a0000000,0x00000000a79c5b60,0x00000000b0a00000)
 Metaspace       used 70823K, capacity 73774K, committed 74328K, reserved 1114112K
  class space    used 9286K, capacity 9920K, committed 10112K, reserved 1048576K
Event: 93.903 GC heap after
Heap after GC invocations=26 (full 4):
 PSYoungGen      total 456192K, used 12049K [0x00000000e0000000, 0x0000000100000000, 0x0000000100000000)
  eden space 385536K, 0% used [0x00000000e0000000,0x00000000e0000000,0x00000000f7880000)
  from space 70656K, 17% used [0x00000000fbb00000,0x00000000fc6c4600,0x0000000100000000)
  to   space 68096K, 0% used [0x00000000f7880000,0x00000000f7880000,0x00000000fbb00000)
 ParOldGen       total 272384K, used 124702K [0x00000000a0000000, 0x00000000b0a00000, 0x00000000e0000000)
  object space 272384K, 45% used [0x00000000a0000000,0x00000000a79c7b60,0x00000000b0a00000)
 Metaspace       used 70823K, capacity 73774K, committed 74328K, reserved 1114112K
  class space    used 9286K, capacity 9920K, committed 10112K, reserved 1048576K
}
Event: 94.006 GC heap before
{Heap before GC invocations=27 (full 4):
 PSYoungGen      total 456192K, used 396967K [0x00000000e0000000, 0x0000000100000000, 0x0000000100000000)
  eden space 385536K, 99% used [0x00000000e0000000,0x00000000f77e5810,0x00000000f7880000)
  from space 70656K, 17% used [0x00000000fbb00000,0x00000000fc6c4600,0x0000000100000000)
  to   space 68096K, 0% used [0x00000000f7880000,0x00000000f7880000,0x00000000fbb00000)
 ParOldGen       total 272384K, used 124702K [0x00000000a0000000, 0x00000000b0a00000, 0x00000000e0000000)
  object space 272384K, 45% used [0x00000000a0000000,0x00000000a79c7b60,0x00000000b0a00000)
 Metaspace       used 70823K, capacity 73774K, committed 74328K, reserved 1114112K
  class space    used 9286K, capacity 9920K, committed 10112K, reserved 1048576K
Event: 94.011 GC heap after
Heap after GC invocations=27 (full 4):
 PSYoungGen      total 386048K, used 96K [0x00000000e0000000, 0x00000000ffb80000, 0x0000000100000000)
  eden space 385536K, 0% used [0x00000000e0000000,0x00000000e0000000,0x00000000f7880000)
  from space 512K, 18% used [0x00000000f7880000,0x00000000f7898000,0x00000000f7900000)
  to   space 67072K, 0% used [0x00000000fba00000,0x00000000fba00000,0x00000000ffb80000)
 ParOldGen       total 272384K, used 126300K [0x00000000a0000000, 0x00000000b0a00000, 0x00000000e0000000)
  object space 272384K, 46% used [0x00000000a0000000,0x00000000a7b57388,0x00000000b0a00000)
 Metaspace       used 70823K, capacity 73774K, committed 74328K, reserved 1114112K
  class space    used 9286K, capacity 9920K, committed 10112K, reserved 1048576K
}
Event: 373.645 GC heap before
{Heap before GC invocations=28 (full 4):
 PSYoungGen      total 386048K, used 385632K [0x00000000e0000000, 0x00000000ffb80000, 0x0000000100000000)
  eden space 385536K, 100% used [0x00000000e0000000,0x00000000f7880000,0x00000000f7880000)
  from space 512K, 18% used [0x00000000f7880000,0x00000000f7898000,0x00000000f7900000)
  to   space 67072K, 0% used [0x00000000fba00000,0x00000000fba00000,0x00000000ffb80000)
 ParOldGen       total 272384K, used 126300K [0x00000000a0000000, 0x00000000b0a00000, 0x00000000e0000000)
  object space 272384K, 46% used [0x00000000a0000000,0x00000000a7b57388,0x00000000b0a00000)
 Metaspace       used 75890K, capacity 79480K, committed 79576K, reserved 1118208K
  class space    used 9749K, capacity 10481K, committed 10496K, reserved 1048576K
Event: 373.670 GC heap after
Heap after GC invocations=28 (full 4):
 PSYoungGen      total 456704K, used 15591K [0x00000000e0000000, 0x0000000100000000, 0x0000000100000000)
  eden space 389632K, 0% used [0x00000000e0000000,0x00000000e0000000,0x00000000f7c80000)
  from space 67072K, 23% used [0x00000000fba00000,0x00000000fc939dd8,0x00000000ffb80000)
  to   space 62976K, 0% used [0x00000000f7c80000,0x00000000f7c80000,0x00000000fba00000)
 ParOldGen       total 272384K, used 126340K [0x00000000a0000000, 0x00000000b0a00000, 0x00000000e0000000)
  object space 272384K, 46% used [0x00000000a0000000,0x00000000a7b61388,0x00000000b0a00000)
 Metaspace       used 75890K, capacity 79480K, committed 79576K, reserved 1118208K
  class space    used 9749K, capacity 10481K, committed 10496K, reserved 1048576K
}

